[2021-08-22 22:13:39,264] INFO [Controller id=0 epoch=9] Sending UpdateMetadata request to brokers HashSet(0) for 0 partitions (state.change.logger)
[2021-08-22 22:13:39,328] INFO [Controller id=0 epoch=9] Sending LeaderAndIsr request to broker 0 with 54 become-leader and 0 become-follower partitions (state.change.logger)
[2021-08-22 22:13:39,334] INFO [Controller id=0 epoch=9] Sending UpdateMetadata request to brokers HashSet(0) for 54 partitions (state.change.logger)
[2021-08-22 22:13:39,366] INFO [Broker id=0] Handling LeaderAndIsr request correlationId 1 from controller 0 for 54 partitions (state.change.logger)
[2021-08-22 22:13:39,412] INFO [Broker id=0] Stopped fetchers as part of LeaderAndIsr request correlationId 1 from controller 0 epoch 9 as part of the become-leader transition for 54 partitions (state.change.logger)
[2021-08-22 22:13:39,422] INFO [Broker id=0] Leader __consumer_offsets-3 starts at leader epoch 0 from offset 82 with high watermark 82 ISR [0] addingReplicas [] removingReplicas []. Previous leader epoch was -1. (state.change.logger)
[2021-08-22 22:13:39,425] INFO [Broker id=0] Leader __consumer_offsets-18 starts at leader epoch 0 from offset 748 with high watermark 748 ISR [0] addingReplicas [] removingReplicas []. Previous leader epoch was -1. (state.change.logger)
[2021-08-22 22:13:39,426] INFO [Broker id=0] Leader __consumer_offsets-41 starts at leader epoch 0 from offset 1272 with high watermark 1272 ISR [0] addingReplicas [] removingReplicas []. Previous leader epoch was -1. (state.change.logger)
[2021-08-22 22:13:39,426] INFO [Broker id=0] Leader __consumer_offsets-10 starts at leader epoch 0 from offset 0 with high watermark 0 ISR [0] addingReplicas [] removingReplicas []. Previous leader epoch was -1. (state.change.logger)
[2021-08-22 22:13:39,427] INFO [Broker id=0] Leader tutoring-reminder-0 starts at leader epoch 0 from offset 7 with high watermark 7 ISR [0] addingReplicas [] removingReplicas []. Previous leader epoch was -1. (state.change.logger)
[2021-08-22 22:13:39,428] INFO [Broker id=0] Leader __consumer_offsets-33 starts at leader epoch 0 from offset 795 with high watermark 795 ISR [0] addingReplicas [] removingReplicas []. Previous leader epoch was -1. (state.change.logger)
[2021-08-22 22:13:39,428] INFO [Broker id=0] Leader __consumer_offsets-48 starts at leader epoch 0 from offset 223 with high watermark 223 ISR [0] addingReplicas [] removingReplicas []. Previous leader epoch was -1. (state.change.logger)
[2021-08-22 22:13:39,428] INFO [Broker id=0] Leader __consumer_offsets-19 starts at leader epoch 0 from offset 0 with high watermark 0 ISR [0] addingReplicas [] removingReplicas []. Previous leader epoch was -1. (state.change.logger)
[2021-08-22 22:13:39,429] INFO [Broker id=0] Leader __consumer_offsets-34 starts at leader epoch 0 from offset 62 with high watermark 62 ISR [0] addingReplicas [] removingReplicas []. Previous leader epoch was -1. (state.change.logger)
[2021-08-22 22:13:39,430] INFO [Broker id=0] Leader __consumer_offsets-4 starts at leader epoch 0 from offset 20 with high watermark 20 ISR [0] addingReplicas [] removingReplicas []. Previous leader epoch was -1. (state.change.logger)
[2021-08-22 22:13:39,430] INFO [Broker id=0] Leader __consumer_offsets-11 starts at leader epoch 0 from offset 111 with high watermark 111 ISR [0] addingReplicas [] removingReplicas []. Previous leader epoch was -1. (state.change.logger)
[2021-08-22 22:13:39,430] INFO [Broker id=0] Leader __consumer_offsets-26 starts at leader epoch 0 from offset 81 with high watermark 81 ISR [0] addingReplicas [] removingReplicas []. Previous leader epoch was -1. (state.change.logger)
[2021-08-22 22:13:39,431] INFO [Broker id=0] Leader __consumer_offsets-49 starts at leader epoch 0 from offset 70 with high watermark 70 ISR [0] addingReplicas [] removingReplicas []. Previous leader epoch was -1. (state.change.logger)
[2021-08-22 22:13:39,431] INFO [Broker id=0] Leader __consumer_offsets-39 starts at leader epoch 0 from offset 9 with high watermark 9 ISR [0] addingReplicas [] removingReplicas []. Previous leader epoch was -1. (state.change.logger)
[2021-08-22 22:13:39,431] INFO [Broker id=0] Leader __consumer_offsets-9 starts at leader epoch 0 from offset 0 with high watermark 0 ISR [0] addingReplicas [] removingReplicas []. Previous leader epoch was -1. (state.change.logger)
[2021-08-22 22:13:39,433] INFO [Broker id=0] Leader __consumer_offsets-24 starts at leader epoch 0 from offset 0 with high watermark 0 ISR [0] addingReplicas [] removingReplicas []. Previous leader epoch was -1. (state.change.logger)
[2021-08-22 22:13:39,434] INFO [Broker id=0] Leader __consumer_offsets-31 starts at leader epoch 0 from offset 21 with high watermark 21 ISR [0] addingReplicas [] removingReplicas []. Previous leader epoch was -1. (state.change.logger)
[2021-08-22 22:13:39,434] INFO [Broker id=0] Leader __consumer_offsets-46 starts at leader epoch 0 from offset 134 with high watermark 134 ISR [0] addingReplicas [] removingReplicas []. Previous leader epoch was -1. (state.change.logger)
[2021-08-22 22:13:39,435] INFO [Broker id=0] Leader __consumer_offsets-1 starts at leader epoch 0 from offset 1122 with high watermark 1122 ISR [0] addingReplicas [] removingReplicas []. Previous leader epoch was -1. (state.change.logger)
[2021-08-22 22:13:39,435] INFO [Broker id=0] Leader __consumer_offsets-16 starts at leader epoch 0 from offset 284 with high watermark 284 ISR [0] addingReplicas [] removingReplicas []. Previous leader epoch was -1. (state.change.logger)
[2021-08-22 22:13:39,435] INFO [Broker id=0] Leader __consumer_offsets-2 starts at leader epoch 0 from offset 58 with high watermark 58 ISR [0] addingReplicas [] removingReplicas []. Previous leader epoch was -1. (state.change.logger)
[2021-08-22 22:13:39,435] INFO [Broker id=0] Leader __consumer_offsets-25 starts at leader epoch 0 from offset 31 with high watermark 31 ISR [0] addingReplicas [] removingReplicas []. Previous leader epoch was -1. (state.change.logger)
[2021-08-22 22:13:39,436] INFO [Broker id=0] Leader __consumer_offsets-40 starts at leader epoch 0 from offset 35 with high watermark 35 ISR [0] addingReplicas [] removingReplicas []. Previous leader epoch was -1. (state.change.logger)
[2021-08-22 22:13:39,436] INFO [Broker id=0] Leader __consumer_offsets-47 starts at leader epoch 0 from offset 42 with high watermark 42 ISR [0] addingReplicas [] removingReplicas []. Previous leader epoch was -1. (state.change.logger)
[2021-08-22 22:13:39,436] INFO [Broker id=0] Leader __consumer_offsets-17 starts at leader epoch 0 from offset 47 with high watermark 47 ISR [0] addingReplicas [] removingReplicas []. Previous leader epoch was -1. (state.change.logger)
[2021-08-22 22:13:39,436] INFO [Broker id=0] Leader __consumer_offsets-32 starts at leader epoch 0 from offset 65 with high watermark 65 ISR [0] addingReplicas [] removingReplicas []. Previous leader epoch was -1. (state.change.logger)
[2021-08-22 22:13:39,437] INFO [Broker id=0] Leader __consumer_offsets-37 starts at leader epoch 0 from offset 98 with high watermark 98 ISR [0] addingReplicas [] removingReplicas []. Previous leader epoch was -1. (state.change.logger)
[2021-08-22 22:13:39,437] INFO [Broker id=0] Leader __consumer_offsets-7 starts at leader epoch 0 from offset 0 with high watermark 0 ISR [0] addingReplicas [] removingReplicas []. Previous leader epoch was -1. (state.change.logger)
[2021-08-22 22:13:39,438] INFO [Broker id=0] Leader __consumer_offsets-22 starts at leader epoch 0 from offset 796 with high watermark 796 ISR [0] addingReplicas [] removingReplicas []. Previous leader epoch was -1. (state.change.logger)
[2021-08-22 22:13:39,438] INFO [Broker id=0] Leader __consumer_offsets-29 starts at leader epoch 0 from offset 105 with high watermark 105 ISR [0] addingReplicas [] removingReplicas []. Previous leader epoch was -1. (state.change.logger)
[2021-08-22 22:13:39,438] INFO [Broker id=0] Leader __consumer_offsets-44 starts at leader epoch 0 from offset 0 with high watermark 0 ISR [0] addingReplicas [] removingReplicas []. Previous leader epoch was -1. (state.change.logger)
[2021-08-22 22:13:39,440] INFO [Broker id=0] Leader __consumer_offsets-14 starts at leader epoch 0 from offset 181 with high watermark 181 ISR [0] addingReplicas [] removingReplicas []. Previous leader epoch was -1. (state.change.logger)
[2021-08-22 22:13:39,440] INFO [Broker id=0] Leader __consumer_offsets-23 starts at leader epoch 0 from offset 57 with high watermark 57 ISR [0] addingReplicas [] removingReplicas []. Previous leader epoch was -1. (state.change.logger)
[2021-08-22 22:13:39,440] INFO [Broker id=0] Leader __consumer_offsets-38 starts at leader epoch 0 from offset 17 with high watermark 17 ISR [0] addingReplicas [] removingReplicas []. Previous leader epoch was -1. (state.change.logger)
[2021-08-22 22:13:39,440] INFO [Broker id=0] Leader __consumer_offsets-8 starts at leader epoch 0 from offset 23 with high watermark 23 ISR [0] addingReplicas [] removingReplicas []. Previous leader epoch was -1. (state.change.logger)
[2021-08-22 22:13:39,441] INFO [Broker id=0] Leader __consumer_offsets-45 starts at leader epoch 0 from offset 103 with high watermark 103 ISR [0] addingReplicas [] removingReplicas []. Previous leader epoch was -1. (state.change.logger)
[2021-08-22 22:13:39,441] INFO [Broker id=0] Leader __consumer_offsets-15 starts at leader epoch 0 from offset 87 with high watermark 87 ISR [0] addingReplicas [] removingReplicas []. Previous leader epoch was -1. (state.change.logger)
[2021-08-22 22:13:39,441] INFO [Broker id=0] Leader __consumer_offsets-30 starts at leader epoch 0 from offset 229 with high watermark 229 ISR [0] addingReplicas [] removingReplicas []. Previous leader epoch was -1. (state.change.logger)
[2021-08-22 22:13:39,441] INFO [Broker id=0] Leader __consumer_offsets-0 starts at leader epoch 0 from offset 0 with high watermark 0 ISR [0] addingReplicas [] removingReplicas []. Previous leader epoch was -1. (state.change.logger)
[2021-08-22 22:13:39,442] INFO [Broker id=0] Leader __consumer_offsets-35 starts at leader epoch 0 from offset 46 with high watermark 46 ISR [0] addingReplicas [] removingReplicas []. Previous leader epoch was -1. (state.change.logger)
[2021-08-22 22:13:39,442] INFO [Broker id=0] Leader __consumer_offsets-5 starts at leader epoch 0 from offset 258 with high watermark 258 ISR [0] addingReplicas [] removingReplicas []. Previous leader epoch was -1. (state.change.logger)
[2021-08-22 22:13:39,443] INFO [Broker id=0] Leader __consumer_offsets-20 starts at leader epoch 0 from offset 109 with high watermark 109 ISR [0] addingReplicas [] removingReplicas []. Previous leader epoch was -1. (state.change.logger)
[2021-08-22 22:13:39,443] INFO [Broker id=0] Leader __consumer_offsets-27 starts at leader epoch 0 from offset 0 with high watermark 0 ISR [0] addingReplicas [] removingReplicas []. Previous leader epoch was -1. (state.change.logger)
[2021-08-22 22:13:39,444] INFO [Broker id=0] Leader __consumer_offsets-42 starts at leader epoch 0 from offset 50 with high watermark 50 ISR [0] addingReplicas [] removingReplicas []. Previous leader epoch was -1. (state.change.logger)
[2021-08-22 22:13:39,444] INFO [Broker id=0] Leader tutoring-current-info-0 starts at leader epoch 0 from offset 7 with high watermark 7 ISR [0] addingReplicas [] removingReplicas []. Previous leader epoch was -1. (state.change.logger)
[2021-08-22 22:13:39,445] INFO [Broker id=0] Leader __consumer_offsets-12 starts at leader epoch 0 from offset 38 with high watermark 38 ISR [0] addingReplicas [] removingReplicas []. Previous leader epoch was -1. (state.change.logger)
[2021-08-22 22:13:39,445] INFO [Broker id=0] Leader tutoring-ready-invoice-data-0 starts at leader epoch 0 from offset 20 with high watermark 20 ISR [0] addingReplicas [] removingReplicas []. Previous leader epoch was -1. (state.change.logger)
[2021-08-22 22:13:39,445] INFO [Broker id=0] Leader __consumer_offsets-21 starts at leader epoch 0 from offset 103 with high watermark 103 ISR [0] addingReplicas [] removingReplicas []. Previous leader epoch was -1. (state.change.logger)
[2021-08-22 22:13:39,446] INFO [Broker id=0] Leader __consumer_offsets-36 starts at leader epoch 0 from offset 127 with high watermark 127 ISR [0] addingReplicas [] removingReplicas []. Previous leader epoch was -1. (state.change.logger)
[2021-08-22 22:13:39,446] INFO [Broker id=0] Leader __consumer_offsets-6 starts at leader epoch 0 from offset 0 with high watermark 0 ISR [0] addingReplicas [] removingReplicas []. Previous leader epoch was -1. (state.change.logger)
[2021-08-22 22:13:39,447] INFO [Broker id=0] Leader __consumer_offsets-43 starts at leader epoch 0 from offset 740 with high watermark 740 ISR [0] addingReplicas [] removingReplicas []. Previous leader epoch was -1. (state.change.logger)
[2021-08-22 22:13:39,447] INFO [Broker id=0] Leader __consumer_offsets-13 starts at leader epoch 0 from offset 22 with high watermark 22 ISR [0] addingReplicas [] removingReplicas []. Previous leader epoch was -1. (state.change.logger)
[2021-08-22 22:13:39,447] INFO [Broker id=0] Leader __consumer_offsets-28 starts at leader epoch 0 from offset 0 with high watermark 0 ISR [0] addingReplicas [] removingReplicas []. Previous leader epoch was -1. (state.change.logger)
[2021-08-22 22:13:39,448] INFO [Broker id=0] Leader tutoring-monthly-update-0 starts at leader epoch 0 from offset 36 with high watermark 36 ISR [0] addingReplicas [] removingReplicas []. Previous leader epoch was -1. (state.change.logger)
[2021-08-22 22:13:39,466] INFO [Broker id=0] Finished LeaderAndIsr request in 100ms correlationId 1 from controller 0 for 54 partitions (state.change.logger)
[2021-08-22 22:13:39,480] INFO [Broker id=0] Add 54 partitions and deleted 0 partitions from metadata cache in response to UpdateMetadata request sent by controller 0 epoch 9 with correlation id 2 (state.change.logger)
[2021-08-22 22:15:38,925] INFO [Controller id=0 epoch=9] Sending UpdateMetadata request to brokers HashSet() for 0 partitions (state.change.logger)
